[INFO  - 2019-01-10T03:22:50.793Z] GhostDriver - Main - running on port 51678
[INFO  - 2019-01-10T03:22:51.682Z] Session [031b1dc0-1487-11e9-8bb0-71c984c55cfe] - page.settings - {"XSSAuditingEnabled":false,"javascriptCanCloseWindows":true,"javascriptCanOpenWindows":true,"javascriptEnabled":true,"loadImages":true,"localToRemoteUrlAccessEnabled":false,"userAgent":"Mozilla/5.0 (Macintosh; Intel Mac OS X) AppleWebKit/538.1 (KHTML, like Gecko) PhantomJS/2.1.1 Safari/538.1","webSecurityEnabled":true}
[INFO  - 2019-01-10T03:22:51.682Z] Session [031b1dc0-1487-11e9-8bb0-71c984c55cfe] - page.customHeaders:  - {}
[INFO  - 2019-01-10T03:22:51.682Z] Session [031b1dc0-1487-11e9-8bb0-71c984c55cfe] - Session.negotiatedCapabilities - {"browserName":"phantomjs","version":"2.1.1","driverName":"ghostdriver","driverVersion":"1.2.0","platform":"mac-unknown-64bit","javascriptEnabled":true,"takesScreenshot":true,"handlesAlerts":false,"databaseEnabled":false,"locationContextEnabled":false,"applicationCacheEnabled":false,"browserConnectionEnabled":false,"cssSelectorsEnabled":true,"webStorageEnabled":false,"rotatable":false,"acceptSslCerts":false,"nativeEvents":true,"proxy":{"proxyType":"direct"}}
[INFO  - 2019-01-10T03:22:51.682Z] SessionManagerReqHand - _postNewSessionCommand - New Session Created: 031b1dc0-1487-11e9-8bb0-71c984c55cfe
[ERROR - 2019-01-10T03:22:54.739Z] Session [031b1dc0-1487-11e9-8bb0-71c984c55cfe] - page.onError - msg: TypeError: null is not an object (evaluating 'da_ua.match(/Version\/([0-9\.]+)/i)[1]')

  phantomjs://platform/console++.js:263 in error
[ERROR - 2019-01-10T03:22:54.740Z] Session [031b1dc0-1487-11e9-8bb0-71c984c55cfe] - page.onError - stack:
  searchBrowserVersion (https://ssl.pstatic.net/tveta/libs/assets/js/pc/main/min/pc.veta.core.min.js?20170421:1)
  init (https://ssl.pstatic.net/tveta/libs/assets/js/pc/main/min/pc.veta.core.min.js?20170421:1)

  phantomjs://platform/console++.js:263 in error
[ERROR - 2019-01-10T03:22:55.045Z] Session [031b1dc0-1487-11e9-8bb0-71c984c55cfe] - page.onError - msg: TypeError: null is not an object (evaluating 'da_ua.match(/Version\/([0-9\.]+)/i)[1]')

  phantomjs://platform/console++.js:263 in error
[ERROR - 2019-01-10T03:22:55.045Z] Session [031b1dc0-1487-11e9-8bb0-71c984c55cfe] - page.onError - stack:
  searchBrowserVersion (https://ssl.pstatic.net/tveta/libs/assets/js/pc/main/min/pc.veta.core.min.js?20170323:1)
  init (https://ssl.pstatic.net/tveta/libs/assets/js/pc/main/min/pc.veta.core.min.js?20170323:1)

  phantomjs://platform/console++.js:263 in error
[ERROR - 2019-01-10T03:22:55.046Z] Session [031b1dc0-1487-11e9-8bb0-71c984c55cfe] - page.onError - msg: TypeError: undefined is not a constructor (evaluating 'new Nimp')

  phantomjs://platform/console++.js:263 in error
[ERROR - 2019-01-10T03:22:55.046Z] Session [031b1dc0-1487-11e9-8bb0-71c984c55cfe] - page.onError - stack:
  initAd (https://nv.veta.naver.com/fxshow?su=SU10078&nrefreshx=0:29)
  lazyLoading (https://nv.veta.naver.com/fxshow?su=SU10078&nrefreshx=0:24)
  onload (https://nv.veta.naver.com/fxshow?su=SU10078&nrefreshx=0:112)

  phantomjs://platform/console++.js:263 in error
[ERROR - 2019-01-10T03:22:55.275Z] Session [031b1dc0-1487-11e9-8bb0-71c984c55cfe] - page.onError - msg: TypeError: null is not an object (evaluating 'da_ua.match(/Version\/([0-9\.]+)/i)[1]')

  phantomjs://platform/console++.js:263 in error
[ERROR - 2019-01-10T03:22:55.276Z] Session [031b1dc0-1487-11e9-8bb0-71c984c55cfe] - page.onError - stack:
  searchBrowserVersion (https://ssl.pstatic.net/tveta/libs/assets/js/pc/main/min/pc.veta.core.min.js?20170222:1)
  init (https://ssl.pstatic.net/tveta/libs/assets/js/pc/main/min/pc.veta.core.min.js?20170222:1)

  phantomjs://platform/console++.js:263 in error
[ERROR - 2019-01-10T03:22:56.006Z] Session [031b1dc0-1487-11e9-8bb0-71c984c55cfe] - page.onError - msg: TypeError: undefined is not a constructor (evaluating 'new Nimp')

  phantomjs://platform/console++.js:263 in error
[ERROR - 2019-01-10T03:22:56.006Z] Session [031b1dc0-1487-11e9-8bb0-71c984c55cfe] - page.onError - stack:
  initAd (https://nv.veta.naver.com/fxshow?su=SU10079&nrefreshx=0:24)
  onload (https://nv.veta.naver.com/fxshow?su=SU10079&nrefreshx=0:9)

  phantomjs://platform/console++.js:263 in error
[ERROR - 2019-01-10T03:23:01.814Z] Session [031b1dc0-1487-11e9-8bb0-71c984c55cfe] - page.onError - msg: TypeError: null is not an object (evaluating 'da_ua.match(/Version\/([0-9\.]+)/i)[1]')

  phantomjs://platform/console++.js:263 in error
[ERROR - 2019-01-10T03:23:01.814Z] Session [031b1dc0-1487-11e9-8bb0-71c984c55cfe] - page.onError - stack:
  searchBrowserVersion (https://ssl.pstatic.net/tveta/libs/assets/js/pc/main/min/pc.veta.core.min.js?20180330:1)
  init (https://ssl.pstatic.net/tveta/libs/assets/js/pc/main/min/pc.veta.core.min.js?20180330:1)

  phantomjs://platform/console++.js:263 in error
[ERROR - 2019-01-10T03:23:02.396Z] Session [031b1dc0-1487-11e9-8bb0-71c984c55cfe] - page.onError - msg: TypeError: undefined is not a constructor (evaluating 'new NBP_CORP.Nimp()')

  phantomjs://platform/console++.js:263 in error
[ERROR - 2019-01-10T03:23:02.396Z] Session [031b1dc0-1487-11e9-8bb0-71c984c55cfe] - page.onError - stack:
  (anonymous function) (undefined:15)

  phantomjs://platform/console++.js:263 in error
